# JRE version: OpenJDK Runtime Environment Temurin-21.0.9+10 (21.0.9+10) (build 21.0.9+10-LTS)
# Java VM: OpenJDK 64-Bit Server VM Temurin-21.0.9+10 (21.0.9+10-LTS, mixed mode, sharing, tiered, compressed oops, compressed class ptrs, parallel gc, windows-amd64)
GC Precious Log:
 CardTable entry size: 512
 CPUs: 16 total, 16 available
 Memory: 16060M
 Large Page Support: Disabled
 NUMA Support: Disabled
 Compressed Oops: Enabled (32-bit)
 Alignments: Space 512K, Generation 512K, Heap 2M
 Heap Min Capacity: 100M
 Heap Initial Capacity: 100M
 Heap Max Capacity: 2G
 Pre-touch: Disabled
 Parallel Workers: 13
Heap:
 PSYoungGen      total 11776K, used 7264K [0x00000000d5580000, 0x00000000d6480000, 0x0000000100000000)
  eden space 10240K, 58% used [0x00000000d5580000,0x00000000d5b56e60,0x00000000d5f80000)
  from space 1536K, 83% used [0x00000000d6200000,0x00000000d6341230,0x00000000d6380000)
  to   space 1024K, 0% used [0x00000000d6380000,0x00000000d6380000,0x00000000d6480000)
 ParOldGen       total 898048K, used 897949K [0x0000000080000000, 0x00000000b6d00000, 0x00000000d5580000)
  object space 898048K, 99% used [0x0000000080000000,0x00000000b6ce7438,0x00000000b6d00000)
 Metaspace       used 89719K, committed 91200K, reserved 1179648K
  class space    used 9484K, committed 10176K, reserved 1048576K
GC Heap History (20 events):
Event: 513440.053 GC heap before
{Heap before GC invocations=1628 (full 5):
 PSYoungGen      total 11776K, used 11752K [0x00000000d5580000, 0x00000000d6780000, 0x0000000100000000)
  eden space 10240K, 100% used [0x00000000d5580000,0x00000000d5f80000,0x00000000d5f80000)
  from space 1536K, 98% used [0x00000000d6380000,0x00000000d64fa1c0,0x00000000d6500000)
  to   space 2560K, 0% used [0x00000000d6500000,0x00000000d6500000,0x00000000d6780000)
 ParOldGen       total 893952K, used 893478K [0x0000000080000000, 0x00000000b6900000, 0x00000000d5580000)
  object space 893952K, 99% used [0x0000000080000000,0x00000000b68899d0,0x00000000b6900000)
 Metaspace       used 89677K, committed 91136K, reserved 1179648K
  class space    used 9484K, committed 10176K, reserved 1048576K
}
Event: 513440.055 GC heap after
{Heap after GC invocations=1628 (full 5):
 PSYoungGen      total 11264K, used 850K [0x00000000d5580000, 0x00000000d6600000, 0x0000000100000000)
  eden space 10240K, 0% used [0x00000000d5580000,0x00000000d5580000,0x00000000d5f80000)
  from space 1024K, 83% used [0x00000000d6500000,0x00000000d65d4b88,0x00000000d6600000)
  to   space 2048K, 0% used [0x00000000d6200000,0x00000000d6200000,0x00000000d6400000)
 ParOldGen       total 894976K, used 894582K [0x0000000080000000, 0x00000000b6a00000, 0x00000000d5580000)
  object space 894976K, 99% used [0x0000000080000000,0x00000000b699dab8,0x00000000b6a00000)
 Metaspace       used 89677K, committed 91136K, reserved 1179648K
  class space    used 9484K, committed 10176K, reserved 1048576K
}
Event: 513440.267 GC heap before
{Heap before GC invocations=1629 (full 5):
 PSYoungGen      total 11264K, used 11090K [0x00000000d5580000, 0x00000000d6600000, 0x0000000100000000)
  eden space 10240K, 100% used [0x00000000d5580000,0x00000000d5f80000,0x00000000d5f80000)
  from space 1024K, 83% used [0x00000000d6500000,0x00000000d65d4b88,0x00000000d6600000)
  to   space 2048K, 0% used [0x00000000d6200000,0x00000000d6200000,0x00000000d6400000)
 ParOldGen       total 894976K, used 894582K [0x0000000080000000, 0x00000000b6a00000, 0x00000000d5580000)
  object space 894976K, 99% used [0x0000000080000000,0x00000000b699dab8,0x00000000b6a00000)
 Metaspace       used 89683K, committed 91136K, reserved 1179648K
  class space    used 9484K, committed 10176K, reserved 1048576K
}
Event: 513440.270 GC heap after
{Heap after GC invocations=1629 (full 5):
 PSYoungGen      total 12288K, used 804K [0x00000000d5580000, 0x00000000d6580000, 0x0000000100000000)
  eden space 10240K, 0% used [0x00000000d5580000,0x00000000d5580000,0x00000000d5f80000)
  from space 2048K, 39% used [0x00000000d6200000,0x00000000d62c9210,0x00000000d6400000)
  to   space 1024K, 0% used [0x00000000d6480000,0x00000000d6480000,0x00000000d6580000)
 ParOldGen       total 894976K, used 894746K [0x0000000080000000, 0x00000000b6a00000, 0x00000000d5580000)
  object space 894976K, 99% used [0x0000000080000000,0x00000000b69c6948,0x00000000b6a00000)
 Metaspace       used 89683K, committed 91136K, reserved 1179648K
  class space    used 9484K, committed 10176K, reserved 1048576K
}
Event: 513440.287 GC heap before
{Heap before GC invocations=1630 (full 5):
 PSYoungGen      total 12288K, used 11044K [0x00000000d5580000, 0x00000000d6580000, 0x0000000100000000)
  eden space 10240K, 99% used [0x00000000d5580000,0x00000000d5f7fff0,0x00000000d5f80000)
  from space 2048K, 39% used [0x00000000d6200000,0x00000000d62c9210,0x00000000d6400000)
  to   space 1024K, 0% used [0x00000000d6480000,0x00000000d6480000,0x00000000d6580000)
 ParOldGen       total 894976K, used 894746K [0x0000000080000000, 0x00000000b6a00000, 0x00000000d5580000)
  object space 894976K, 99% used [0x0000000080000000,0x00000000b69c6948,0x00000000b6a00000)
 Metaspace       used 89684K, committed 91136K, reserved 1179648K
  class space    used 9484K, committed 10176K, reserved 1048576K
}
Event: 513440.289 GC heap after
{Heap after GC invocations=1630 (full 5):
 PSYoungGen      total 11264K, used 682K [0x00000000d5580000, 0x00000000d6580000, 0x0000000100000000)
  eden space 10240K, 0% used [0x00000000d5580000,0x00000000d5580000,0x00000000d5f80000)
  from space 1024K, 66% used [0x00000000d6480000,0x00000000d652a910,0x00000000d6580000)
  to   space 1024K, 0% used [0x00000000d6380000,0x00000000d6380000,0x00000000d6480000)
 ParOldGen       total 894976K, used 894834K [0x0000000080000000, 0x00000000b6a00000, 0x00000000d5580000)
  object space 894976K, 99% used [0x0000000080000000,0x00000000b69dc948,0x00000000b6a00000)
 Metaspace       used 89684K, committed 91136K, reserved 1179648K
  class space    used 9484K, committed 10176K, reserved 1048576K
}
Event: 513440.574 GC heap before
{Heap before GC invocations=1631 (full 5):
 PSYoungGen      total 11264K, used 10922K [0x00000000d5580000, 0x00000000d6580000, 0x0000000100000000)
  eden space 10240K, 99% used [0x00000000d5580000,0x00000000d5f7ffd8,0x00000000d5f80000)
  from space 1024K, 66% used [0x00000000d6480000,0x00000000d652a910,0x00000000d6580000)
  to   space 1024K, 0% used [0x00000000d6380000,0x00000000d6380000,0x00000000d6480000)
 ParOldGen       total 894976K, used 894834K [0x0000000080000000, 0x00000000b6a00000, 0x00000000d5580000)
  object space 894976K, 99% used [0x0000000080000000,0x00000000b69dc948,0x00000000b6a00000)
 Metaspace       used 89690K, committed 91136K, reserved 1179648K
  class space    used 9484K, committed 10176K, reserved 1048576K
}
Event: 513440.576 GC heap after
{Heap after GC invocations=1631 (full 5):
 PSYoungGen      total 11264K, used 586K [0x00000000d5580000, 0x00000000d6500000, 0x0000000100000000)
  eden space 10240K, 0% used [0x00000000d5580000,0x00000000d5580000,0x00000000d5f80000)
  from space 1024K, 57% used [0x00000000d6380000,0x00000000d6412910,0x00000000d6480000)
  to   space 512K, 0% used [0x00000000d6480000,0x00000000d6480000,0x00000000d6500000)
 ParOldGen       total 894976K, used 894914K [0x0000000080000000, 0x00000000b6a00000, 0x00000000d5580000)
  object space 894976K, 99% used [0x0000000080000000,0x00000000b69f0948,0x00000000b6a00000)
 Metaspace       used 89690K, committed 91136K, reserved 1179648K
  class space    used 9484K, committed 10176K, reserved 1048576K
}
Event: 513443.237 GC heap before
{Heap before GC invocations=1632 (full 5):
 PSYoungGen      total 11264K, used 10826K [0x00000000d5580000, 0x00000000d6500000, 0x0000000100000000)
  eden space 10240K, 100% used [0x00000000d5580000,0x00000000d5f80000,0x00000000d5f80000)
  from space 1024K, 57% used [0x00000000d6380000,0x00000000d6412910,0x00000000d6480000)
  to   space 512K, 0% used [0x00000000d6480000,0x00000000d6480000,0x00000000d6500000)
 ParOldGen       total 894976K, used 894914K [0x0000000080000000, 0x00000000b6a00000, 0x00000000d5580000)
  object space 894976K, 99% used [0x0000000080000000,0x00000000b69f0948,0x00000000b6a00000)
 Metaspace       used 89702K, committed 91200K, reserved 1179648K
  class space    used 9484K, committed 10176K, reserved 1048576K
}
Event: 513443.240 GC heap after
{Heap after GC invocations=1632 (full 5):
 PSYoungGen      total 10752K, used 416K [0x00000000d5580000, 0x00000000d6500000, 0x0000000100000000)
  eden space 10240K, 0% used [0x00000000d5580000,0x00000000d5580000,0x00000000d5f80000)
  from space 512K, 81% used [0x00000000d6480000,0x00000000d64e8000,0x00000000d6500000)
  to   space 512K, 0% used [0x00000000d6400000,0x00000000d6400000,0x00000000d6480000)
 ParOldGen       total 895488K, used 895010K [0x0000000080000000, 0x00000000b6a80000, 0x00000000d5580000)
  object space 895488K, 99% used [0x0000000080000000,0x00000000b6a08948,0x00000000b6a80000)
 Metaspace       used 89702K, committed 91200K, reserved 1179648K
  class space    used 9484K, committed 10176K, reserved 1048576K
}
Event: 513445.149 GC heap before
{Heap before GC invocations=1633 (full 5):
 PSYoungGen      total 10752K, used 10656K [0x00000000d5580000, 0x00000000d6500000, 0x0000000100000000)
  eden space 10240K, 100% used [0x00000000d5580000,0x00000000d5f80000,0x00000000d5f80000)
  from space 512K, 81% used [0x00000000d6480000,0x00000000d64e8000,0x00000000d6500000)
  to   space 512K, 0% used [0x00000000d6400000,0x00000000d6400000,0x00000000d6480000)
 ParOldGen       total 895488K, used 895010K [0x0000000080000000, 0x00000000b6a80000, 0x00000000d5580000)
  object space 895488K, 99% used [0x0000000080000000,0x00000000b6a08948,0x00000000b6a80000)
 Metaspace       used 89702K, committed 91200K, reserved 1179648K
  class space    used 9484K, committed 10176K, reserved 1048576K
}
Event: 513445.152 GC heap after
{Heap after GC invocations=1633 (full 5):
 PSYoungGen      total 10752K, used 512K [0x00000000d5580000, 0x00000000d6500000, 0x0000000100000000)
  eden space 10240K, 0% used [0x00000000d5580000,0x00000000d5580000,0x00000000d5f80000)
  from space 512K, 100% used [0x00000000d6400000,0x00000000d6480000,0x00000000d6480000)
  to   space 512K, 0% used [0x00000000d6480000,0x00000000d6480000,0x00000000d6500000)
 ParOldGen       total 895488K, used 895285K [0x0000000080000000, 0x00000000b6a80000, 0x00000000d5580000)
  object space 895488K, 99% used [0x0000000080000000,0x00000000b6a4d760,0x00000000b6a80000)
 Metaspace       used 89702K, committed 91200K, reserved 1179648K
  class space    used 9484K, committed 10176K, reserved 1048576K
}
Event: 513445.161 GC heap before
{Heap before GC invocations=1634 (full 5):
 PSYoungGen      total 10752K, used 10752K [0x00000000d5580000, 0x00000000d6500000, 0x0000000100000000)
  eden space 10240K, 100% used [0x00000000d5580000,0x00000000d5f80000,0x00000000d5f80000)
  from space 512K, 100% used [0x00000000d6400000,0x00000000d6480000,0x00000000d6480000)
  to   space 512K, 0% used [0x00000000d6480000,0x00000000d6480000,0x00000000d6500000)
 ParOldGen       total 895488K, used 895285K [0x0000000080000000, 0x00000000b6a80000, 0x00000000d5580000)
  object space 895488K, 99% used [0x0000000080000000,0x00000000b6a4d760,0x00000000b6a80000)
 Metaspace       used 89702K, committed 91200K, reserved 1179648K
  class space    used 9484K, committed 10176K, reserved 1048576K
}
Event: 513445.163 GC heap after
{Heap after GC invocations=1634 (full 5):
 PSYoungGen      total 10752K, used 512K [0x00000000d5580000, 0x00000000d6500000, 0x0000000100000000)
  eden space 10240K, 0% used [0x00000000d5580000,0x00000000d5580000,0x00000000d5f80000)
  from space 512K, 100% used [0x00000000d6480000,0x00000000d6500000,0x00000000d6500000)
  to   space 2048K, 0% used [0x00000000d6100000,0x00000000d6100000,0x00000000d6300000)
 ParOldGen       total 896512K, used 896258K [0x0000000080000000, 0x00000000b6b80000, 0x00000000d5580000)
  object space 896512K, 99% used [0x0000000080000000,0x00000000b6b409c0,0x00000000b6b80000)
 Metaspace       used 89702K, committed 91200K, reserved 1179648K
  class space    used 9484K, committed 10176K, reserved 1048576K
}
Event: 513715.411 GC heap before
{Heap before GC invocations=1635 (full 5):
 PSYoungGen      total 10752K, used 10748K [0x00000000d5580000, 0x00000000d6500000, 0x0000000100000000)
  eden space 10240K, 99% used [0x00000000d5580000,0x00000000d5f7f2a8,0x00000000d5f80000)
  from space 512K, 100% used [0x00000000d6480000,0x00000000d6500000,0x00000000d6500000)
  to   space 2048K, 0% used [0x00000000d6100000,0x00000000d6100000,0x00000000d6300000)
 ParOldGen       total 896512K, used 896258K [0x0000000080000000, 0x00000000b6b80000, 0x00000000d5580000)
  object space 896512K, 99% used [0x0000000080000000,0x00000000b6b409c0,0x00000000b6b80000)
 Metaspace       used 89707K, committed 91200K, reserved 1179648K
  class space    used 9484K, committed 10176K, reserved 1048576K
}
Event: 513715.416 GC heap after
{Heap after GC invocations=1635 (full 5):
 PSYoungGen      total 12288K, used 608K [0x00000000d5580000, 0x00000000d6500000, 0x0000000100000000)
  eden space 10240K, 0% used [0x00000000d5580000,0x00000000d5580000,0x00000000d5f80000)
  from space 2048K, 29% used [0x00000000d6100000,0x00000000d6198000,0x00000000d6300000)
  to   space 1024K, 0% used [0x00000000d6400000,0x00000000d6400000,0x00000000d6500000)
 ParOldGen       total 897024K, used 896713K [0x0000000080000000, 0x00000000b6c00000, 0x00000000d5580000)
  object space 897024K, 99% used [0x0000000080000000,0x00000000b6bb25f8,0x00000000b6c00000)
 Metaspace       used 89707K, committed 91200K, reserved 1179648K
  class space    used 9484K, committed 10176K, reserved 1048576K
}
Event: 513715.440 GC heap before
{Heap before GC invocations=1636 (full 5):
 PSYoungGen      total 12288K, used 10848K [0x00000000d5580000, 0x00000000d6500000, 0x0000000100000000)
  eden space 10240K, 100% used [0x00000000d5580000,0x00000000d5f80000,0x00000000d5f80000)
  from space 2048K, 29% used [0x00000000d6100000,0x00000000d6198000,0x00000000d6300000)
  to   space 1024K, 0% used [0x00000000d6400000,0x00000000d6400000,0x00000000d6500000)
 ParOldGen       total 897024K, used 896713K [0x0000000080000000, 0x00000000b6c00000, 0x00000000d5580000)
  object space 897024K, 99% used [0x0000000080000000,0x00000000b6bb25f8,0x00000000b6c00000)
 Metaspace       used 89707K, committed 91200K, reserved 1179648K
  class space    used 9484K, committed 10176K, reserved 1048576K
}
Event: 513715.441 GC heap after
{Heap after GC invocations=1636 (full 5):
 PSYoungGen      total 11264K, used 1018K [0x00000000d5580000, 0x00000000d6500000, 0x0000000100000000)
  eden space 10240K, 0% used [0x00000000d5580000,0x00000000d5580000,0x00000000d5f80000)
  from space 1024K, 99% used [0x00000000d6400000,0x00000000d64fe900,0x00000000d6500000)
  to   space 1536K, 0% used [0x00000000d6200000,0x00000000d6200000,0x00000000d6380000)
 ParOldGen       total 897536K, used 897033K [0x0000000080000000, 0x00000000b6c80000, 0x00000000d5580000)
  object space 897536K, 99% used [0x0000000080000000,0x00000000b6c02618,0x00000000b6c80000)
 Metaspace       used 89707K, committed 91200K, reserved 1179648K
  class space    used 9484K, committed 10176K, reserved 1048576K
}
Event: 513716.479 GC heap before
{Heap before GC invocations=1637 (full 5):
 PSYoungGen      total 11264K, used 11258K [0x00000000d5580000, 0x00000000d6500000, 0x0000000100000000)
  eden space 10240K, 100% used [0x00000000d5580000,0x00000000d5f80000,0x00000000d5f80000)
  from space 1024K, 99% used [0x00000000d6400000,0x00000000d64fe900,0x00000000d6500000)
  to   space 1536K, 0% used [0x00000000d6200000,0x00000000d6200000,0x00000000d6380000)
 ParOldGen       total 897536K, used 897033K [0x0000000080000000, 0x00000000b6c80000, 0x00000000d5580000)
  object space 897536K, 99% used [0x0000000080000000,0x00000000b6c02618,0x00000000b6c80000)
 Metaspace       used 89717K, committed 91200K, reserved 1179648K
  class space    used 9484K, committed 10176K, reserved 1048576K
}
Event: 513716.483 GC heap after
{Heap after GC invocations=1637 (full 5):
 PSYoungGen      total 11776K, used 1284K [0x00000000d5580000, 0x00000000d6480000, 0x0000000100000000)
  eden space 10240K, 0% used [0x00000000d5580000,0x00000000d5580000,0x00000000d5f80000)
  from space 1536K, 83% used [0x00000000d6200000,0x00000000d6341230,0x00000000d6380000)
  to   space 1024K, 0% used [0x00000000d6380000,0x00000000d6380000,0x00000000d6480000)
 ParOldGen       total 898048K, used 897949K [0x0000000080000000, 0x00000000b6d00000, 0x00000000d5580000)
  object space 898048K, 99% used [0x0000000080000000,0x00000000b6ce7438,0x00000000b6d00000)
 Metaspace       used 89717K, committed 91200K, reserved 1179648K
  class space    used 9484K, committed 10176K, reserved 1048576K
}

